\BOOKMARK [0][-]{chapter.1}{\376\377\000I\000n\000t\000r\000o\000d\000u\000c\000t\000i\000o\000n}{}% 1
\BOOKMARK [0][-]{chapter.2}{\376\377\000D\000i\000a\000g\000n\000o\000s\000t\000i\000c\000\040\000M\000o\000d\000e\000l\000i\000n\000g\000\040\000O\000v\000e\000r\000v\000i\000e\000w\000\040\000a\000n\000d\000\040\000P\000e\000r\000s\000p\000e\000c\000t\000i\000v\000e\000s}{}% 2
\BOOKMARK [1][-]{section.2.1}{\376\377\000O\000v\000e\000r\000v\000i\000e\000w\000\040\000o\000f\000\040\000m\000o\000d\000e\000l\000\040\000d\000i\000a\000g\000n\000o\000s\000t\000i\000c\000s}{chapter.2}% 3
\BOOKMARK [1][-]{section.2.2}{\376\377\000P\000e\000r\000s\000p\000e\000c\000t\000i\000v\000e\000s\000\040\000o\000n\000\040\000d\000i\000a\000g\000n\000o\000s\000t\000i\000c\000\040\000m\000o\000d\000e\000l\000\040\000e\000v\000a\000l\000u\000a\000t\000i\000o\000n}{chapter.2}% 4
\BOOKMARK [0][-]{chapter.3}{\376\377\000S\000e\000n\000s\000i\000t\000i\000v\000i\000t\000y\000\040\000A\000n\000a\000l\000y\000s\000i\000s\000:\000\040\000T\000h\000e\000\040\000B\000a\000s\000i\000c\000s}{}% 5
\BOOKMARK [1][-]{section.3.1}{\376\377\000G\000l\000o\000b\000a\000l\000\040\000V\000e\000r\000s\000u\000s\000\040\000L\000o\000c\000a\000l\000\040\000S\000e\000n\000s\000i\000t\000i\000v\000i\000t\000y}{chapter.3}% 6
\BOOKMARK [1][-]{section.3.2}{\376\377\000W\000h\000y\000\040\000P\000e\000r\000f\000o\000r\000m\000\040\000S\000e\000n\000s\000i\000t\000i\000v\000i\000t\000y\000\040\000A\000n\000a\000l\000y\000s\000i\000s}{chapter.3}% 7
\BOOKMARK [1][-]{section.3.3}{\376\377\000S\000e\000n\000s\000i\000t\000i\000v\000i\000t\000y\000\040\000A\000n\000a\000l\000y\000s\000i\000s\000\040\000A\000p\000p\000l\000i\000c\000a\000t\000i\000o\000n\000s\000\040\000f\000o\000r\000\040\000M\000o\000d\000e\000l\000\040\000E\000v\000a\000l\000u\000a\000t\000i\000o\000n\000\040\000a\000n\000d\000\040\000F\000i\000d\000e\000l\000i\000t\000y\000\040\000T\000e\000s\000t\000i\000n\000g}{chapter.3}% 8
\BOOKMARK [1][-]{section.3.4}{\376\377\000S\000e\000n\000s\000i\000t\000i\000v\000i\000t\000y\000\040\000A\000n\000a\000l\000y\000s\000i\000s\000\040\000A\000p\000p\000l\000i\000c\000a\000t\000i\000o\000n\000s\000\040\000f\000o\000r\000\040\000E\000x\000p\000l\000o\000r\000a\000t\000o\000r\000y\000\040\000M\000o\000d\000e\000l\000i\000n\000g\000\040\000a\000n\000d\000\040\000S\000c\000e\000n\000a\000r\000i\000o\000\040\000D\000i\000s\000c\000o\000v\000e\000r\000y}{chapter.3}% 9
\BOOKMARK [1][-]{section.3.5}{\376\377\000D\000e\000s\000i\000g\000n\000\040\000o\000f\000\040\000E\000x\000p\000e\000r\000i\000m\000e\000n\000t\000s}{chapter.3}% 10
\BOOKMARK [2][-]{subsection.3.5.1}{\376\377\000O\000n\000e\000-\000A\000t\000-\000a\000-\000T\000i\000m\000e\000\040\000\050\000O\000A\000T\000\051}{section.3.5}% 11
\BOOKMARK [2][-]{subsection.3.5.2}{\376\377\000F\000u\000l\000l\000\040\000a\000n\000d\000\040\000F\000r\000a\000c\000t\000i\000o\000n\000a\000l\000\040\000F\000a\000c\000t\000o\000r\000i\000a\000l\000\040\000S\000a\000m\000p\000l\000i\000n\000g}{section.3.5}% 12
\BOOKMARK [2][-]{subsection.3.5.3}{\376\377\000L\000a\000t\000i\000n\000\040\000H\000y\000p\000e\000r\000c\000u\000b\000e\000\040\000\050\000L\000H\000\051\000\040\000S\000a\000m\000p\000l\000i\000n\000g}{section.3.5}% 13
\BOOKMARK [2][-]{subsection.3.5.4}{\376\377\000L\000o\000w\000-\000D\000i\000s\000c\000r\000e\000p\000a\000n\000c\000y\000\040\000S\000e\000q\000u\000e\000n\000c\000e\000s}{section.3.5}% 14
\BOOKMARK [2][-]{subsection.3.5.5}{\376\377\000O\000t\000h\000e\000r\000\040\000t\000y\000p\000e\000s\000\040\000o\000f\000\040\000s\000a\000m\000p\000l\000i\000n\000g}{section.3.5}% 15
\BOOKMARK [2][-]{subsection.3.5.6}{\376\377\000S\000y\000n\000t\000h\000e\000t\000i\000c\000\040\000g\000e\000n\000e\000r\000a\000t\000i\000o\000n\000\040\000o\000f\000\040\000i\000n\000p\000u\000t\000\040\000t\000i\000m\000e\000\040\000s\000e\000r\000i\000e\000s}{section.3.5}% 16
\BOOKMARK [1][-]{section.3.6}{\376\377\000S\000e\000n\000s\000i\000t\000i\000v\000i\000t\000y\000\040\000A\000n\000a\000l\000y\000s\000i\000s\000\040\000M\000e\000t\000h\000o\000d\000s}{chapter.3}% 17
\BOOKMARK [2][-]{subsection.3.6.1}{\376\377\000D\000e\000r\000i\000v\000a\000t\000i\000v\000e\000-\000b\000a\000s\000e\000d\000\040\000M\000e\000t\000h\000o\000d\000s}{section.3.6}% 18
\BOOKMARK [2][-]{subsection.3.6.2}{\376\377\000E\000l\000e\000m\000e\000n\000t\000a\000r\000y\000\040\000E\000f\000f\000e\000c\000t\000\040\000M\000e\000t\000h\000o\000d\000s}{section.3.6}% 19
\BOOKMARK [2][-]{subsection.3.6.3}{\376\377\000R\000e\000g\000r\000e\000s\000s\000i\000o\000n\000-\000b\000a\000s\000e\000d\000\040\000M\000e\000t\000h\000o\000d\000s}{section.3.6}% 20
\BOOKMARK [2][-]{subsection.3.6.4}{\376\377\000R\000e\000g\000i\000o\000n\000a\000l\000\040\000S\000e\000n\000s\000i\000t\000i\000v\000i\000t\000y\000\040\000A\000n\000a\000l\000y\000s\000i\000s}{section.3.6}% 21
\BOOKMARK [2][-]{subsection.3.6.5}{\376\377\000V\000a\000r\000i\000a\000n\000c\000e\000-\000b\000a\000s\000e\000d\000\040\000M\000e\000t\000h\000o\000d\000s}{section.3.6}% 22
\BOOKMARK [2][-]{subsection.3.6.6}{\376\377\000A\000n\000a\000l\000y\000s\000i\000s\000\040\000o\000f\000\040\000V\000a\000r\000i\000a\000n\000c\000e\000\040\000\050\000A\000N\000O\000V\000A\000\051}{section.3.6}% 23
\BOOKMARK [2][-]{subsection.3.6.7}{\376\377\000M\000o\000m\000e\000n\000t\000-\000I\000n\000d\000e\000p\000e\000n\000d\000e\000n\000t\000\040\000\050\000D\000e\000n\000s\000i\000t\000y\000-\000B\000a\000s\000e\000d\000\051\000\040\000M\000e\000t\000h\000o\000d\000s}{section.3.6}% 24
\BOOKMARK [1][-]{section.3.7}{\376\377\000H\000o\000w\000\040\000T\000o\000\040\000C\000h\000o\000o\000s\000e\000\040\000A\000\040\000S\000e\000n\000s\000i\000t\000i\000v\000i\000t\000y\000\040\000A\000n\000a\000l\000y\000s\000i\000s\000\040\000M\000e\000t\000h\000o\000d\000:\000\040\000M\000o\000d\000e\000l\000\040\000T\000r\000a\000i\000t\000s\000\040\000A\000n\000d\000\040\000D\000i\000m\000e\000n\000s\000i\000o\000n\000a\000l\000i\000t\000y}{chapter.3}% 25
\BOOKMARK [2][-]{subsection.3.7.1}{\376\377\000S\000o\000f\000t\000w\000a\000r\000e\000\040\000T\000o\000o\000l\000k\000i\000t\000s}{section.3.7}% 26
\BOOKMARK [0][-]{chapter.4}{\376\377\000I\000n\000d\000i\000c\000e\000s\000\040\000a\000n\000d\000\040\000t\000a\000b\000l\000e\000s}{}% 27
